0 silly argv {
0 silly argv   _: [ 'run' ],
0 silly argv   since: '',
0 silly argv   lernaVersion: '6.6.1',
0 silly argv   '$0': '/Users/Mizi/minglamp/repo/fe/v5/node_modules/.bin/lerna',
0 silly argv   script: 'build'
0 silly argv }
1 notice cli v6.6.1
2 verbose rootPath /Users/Mizi/minglamp/repo/fe/v5
3 error JSONError: Unexpected string in JSON at position 426 while parsing '{    "name": "@hulu/cli",    "version"' in packages/cli/package.json
3 error
3 error [0m [90m 18 |[39m         [32m"import-local"[39m[33m:[39m [32m"^3.1.0"[39m[33m,[39m[0m
3 error [0m [90m 19 |[39m         [32m"yargs"[39m[33m:[39m [32m"17.7.1"[39m[0m
3 error [0m[31m[1m>[22m[39m[90m 20 |[39m         [32m"@hulu/core"[39m[33m:[39m [32m"0.0.1"[39m[0m
3 error [0m [90m    |[39m         [31m[1m^[22m[39m[0m
3 error [0m [90m 21 |[39m     }[33m,[39m[0m
3 error [0m [90m 22 |[39m     [32m"devDependencies"[39m[33m:[39m {[0m
3 error [0m [90m 23 |[39m         [32m"typescript"[39m[33m:[39m [32m"^5.0.4"[39m[0m
3 error
3 error     at parseJson (/Users/Mizi/minglamp/repo/fe/v5/node_modules/parse-json/index.js:29:21)
3 error     at parse (/Users/Mizi/minglamp/repo/fe/v5/node_modules/load-json-file/index.js:15:9)
3 error     at module.exports (/Users/Mizi/minglamp/repo/fe/v5/node_modules/load-json-file/index.js:18:47)
