Arguments: 
  /usr/local/bin/node /usr/local/Cellar/yarn/1.22.10/libexec/bin/yarn.js add import-local

PATH: 
  /Users/Mizi/.bun/bin:/Users/Mizi/.yarn/bin:/Users/Mizi/.config/yarn/global/node_modules/.bin:/Users/Mizi/.deno/bin:/usr/local/bin:/Library/Java/JavaVirtualMachines/jdk1.8.0_60.jdk/Contents/Home/bin:/usr/local/bin:/usr/bin:/bin:/usr/sbin:/sbin:/opt/android-sdk-macosx/tools:/opt/android-sdk-macosx/platform-tools:/opt/android-sdk-macosx/tools:/opt/android-sdk-macosx/platform-tools:/usr/local/bin:/usr/local/sbin

Yarn version: 
  1.22.10

Node version: 
  16.15.1

Platform: 
  darwin x64

Trace: 
  SyntaxError: /Users/Mizi/minglamp/repo/fe/v5/packages/hulu-cli/package.json: Unexpected end of JSON input
      at JSON.parse (<anonymous>)
      at /usr/local/Cellar/yarn/1.22.10/libexec/lib/cli.js:1625:59
      at Generator.next (<anonymous>)
      at step (/usr/local/Cellar/yarn/1.22.10/libexec/lib/cli.js:310:30)
      at /usr/local/Cellar/yarn/1.22.10/libexec/lib/cli.js:321:13

npm manifest: 
  

yarn manifest: 
  No manifest

Lockfile: 
  No lockfile
